<?xml version="1.0" encoding="UTF-8"?>
<testng-results skipped="0" failed="0" total="1" passed="1">
  <reporter-output>
    <line>
      <![CDATA[<div "featureFile">Feature File: example.feature</div>]]>
    </line>
    <line>
      <![CDATA[<div "feature">Feature: To Test Cucumber</div>]]>
    </line>
    <line>
      <![CDATA[<div "scenario">Scenario: To Start Cucumber</div>]]>
    </line>
    <line>
      <![CDATA[<div "result">Given  I Start Step (passed : 6s)</div>]]>
    </line>
    <line>
      <![CDATA[<div "result">Then  I Start Step1 (passed : 0s)</div>]]>
    </line>
  </reporter-output>
  <suite name="XTBillS Firefox" duration-ms="24915" started-at="2016-07-17T03:22:12Z" finished-at="2016-07-17T03:22:37Z">
    <groups>
      <group name="cucumber">
        <method signature="AbstractTestNGCucumberTests.run_cukes()[pri:0, instance:com.pavan.runner.TestRunner@4f7d0008]" name="run_cukes" class="cucumber.api.testng.AbstractTestNGCucumberTests"/>
      </group> <!-- cucumber -->
    </groups>
    <test name="To Test Cucumber" duration-ms="24915" started-at="2016-07-17T03:22:12Z" finished-at="2016-07-17T03:22:37Z">
      <class name="com.pavan.runner.TestRunner">
        <test-method status="PASS" signature="run_cukes()[pri:0, instance:com.pavan.runner.TestRunner@4f7d0008]" name="run_cukes" duration-ms="24894" started-at="2016-07-17T08:52:12Z" description="Runs Cucumber Features" finished-at="2016-07-17T08:52:37Z">
          <reporter-output>
            <line>
              <![CDATA[<div "featureFile">Feature File: example.feature</div>]]>
            </line>
            <line>
              <![CDATA[<div "feature">Feature: To Test Cucumber</div>]]>
            </line>
            <line>
              <![CDATA[<div "scenario">Scenario: To Start Cucumber</div>]]>
            </line>
            <line>
              <![CDATA[<div "result">Given  I Start Step (passed : 6s)</div>]]>
            </line>
            <line>
              <![CDATA[<div "result">Then  I Start Step1 (passed : 0s)</div>]]>
            </line>
          </reporter-output>
        </test-method> <!-- run_cukes -->
      </class> <!-- com.pavan.runner.TestRunner -->
    </test> <!-- To Test Cucumber -->
  </suite> <!-- XTBillS Firefox -->
</testng-results>
